npm warn exec The following package was not found and will be installed: http-server@14.1.1
npm warn deprecated whatwg-encoding@2.0.0: Use @exodus/bytes instead for a more spec-conformant and faster implementation
Starting up http-server, serving ../www

http-server version: 14.1.1

http-server settings:
CORS: disabled
Cache: 3600 seconds
Connection Timeout: 120 seconds
Directory Listings: visible
AutoIndex: visible
Serve GZIP Files: false
Serve Brotli Files: false
Default File Extension: none

Available on:
  http://127.0.0.1:8080
  http://192.168.0.2:8080
Hit CTRL-C to stop the server

[2026-03-04T20:05:16.739Z]  "GET /" "Mozilla/5.0 (X11; Linux x86_64) AppleWebKit/537.36 (KHTML, like Gecko) HeadlessChrome/143.0.7499.4 Safari/537.36"
(node:4680) [DEP0066] DeprecationWarning: OutgoingMessage.prototype._headers is deprecated
(Use `node --trace-deprecation ...` to show where the warning was created)
[2026-03-04T20:05:16.803Z]  "GET /lib/mp4box.all.min.js" "Mozilla/5.0 (X11; Linux x86_64) AppleWebKit/537.36 (KHTML, like Gecko) HeadlessChrome/143.0.7499.4 Safari/537.36"
[2026-03-04T20:05:16.805Z]  "GET /main-LOTERG37.js" "Mozilla/5.0 (X11; Linux x86_64) AppleWebKit/537.36 (KHTML, like Gecko) HeadlessChrome/143.0.7499.4 Safari/537.36"
[2026-03-04T20:05:16.974Z]  "GET /styles-P23MWUND.css" "Mozilla/5.0 (X11; Linux x86_64) AppleWebKit/537.36 (KHTML, like Gecko) HeadlessChrome/143.0.7499.4 Safari/537.36"
[2026-03-04T20:05:40.019Z]  "GET /" "Mozilla/5.0 (X11; Linux x86_64) AppleWebKit/537.36 (KHTML, like Gecko) HeadlessChrome/143.0.7499.4 Safari/537.36"
[2026-03-04T20:05:40.032Z]  "GET /lib/mp4box.all.min.js" "Mozilla/5.0 (X11; Linux x86_64) AppleWebKit/537.36 (KHTML, like Gecko) HeadlessChrome/143.0.7499.4 Safari/537.36"
[2026-03-04T20:05:40.035Z]  "GET /main-LOTERG37.js" "Mozilla/5.0 (X11; Linux x86_64) AppleWebKit/537.36 (KHTML, like Gecko) HeadlessChrome/143.0.7499.4 Safari/537.36"
[2026-03-04T20:05:40.048Z]  "GET /styles-P23MWUND.css" "Mozilla/5.0 (X11; Linux x86_64) AppleWebKit/537.36 (KHTML, like Gecko) HeadlessChrome/143.0.7499.4 Safari/537.36"
[2026-03-04T20:06:03.430Z]  "GET /" "Mozilla/5.0 (X11; Linux x86_64) AppleWebKit/537.36 (KHTML, like Gecko) HeadlessChrome/143.0.7499.4 Safari/537.36"
[2026-03-04T20:06:03.444Z]  "GET /lib/mp4box.all.min.js" "Mozilla/5.0 (X11; Linux x86_64) AppleWebKit/537.36 (KHTML, like Gecko) HeadlessChrome/143.0.7499.4 Safari/537.36"
[2026-03-04T20:06:03.445Z]  "GET /main-LOTERG37.js" "Mozilla/5.0 (X11; Linux x86_64) AppleWebKit/537.36 (KHTML, like Gecko) HeadlessChrome/143.0.7499.4 Safari/537.36"
[2026-03-04T20:06:03.462Z]  "GET /styles-P23MWUND.css" "Mozilla/5.0 (X11; Linux x86_64) AppleWebKit/537.36 (KHTML, like Gecko) HeadlessChrome/143.0.7499.4 Safari/537.36"
[2026-03-04T20:06:16.730Z]  "GET /" "Mozilla/5.0 (X11; Linux x86_64) AppleWebKit/537.36 (KHTML, like Gecko) HeadlessChrome/143.0.7499.4 Safari/537.36"
[2026-03-04T20:06:16.741Z]  "GET /lib/mp4box.all.min.js" "Mozilla/5.0 (X11; Linux x86_64) AppleWebKit/537.36 (KHTML, like Gecko) HeadlessChrome/143.0.7499.4 Safari/537.36"
[2026-03-04T20:06:16.742Z]  "GET /main-LOTERG37.js" "Mozilla/5.0 (X11; Linux x86_64) AppleWebKit/537.36 (KHTML, like Gecko) HeadlessChrome/143.0.7499.4 Safari/537.36"
[2026-03-04T20:06:16.760Z]  "GET /styles-P23MWUND.css" "Mozilla/5.0 (X11; Linux x86_64) AppleWebKit/537.36 (KHTML, like Gecko) HeadlessChrome/143.0.7499.4 Safari/537.36"
[2026-03-04T20:06:29.316Z]  "GET /" "Mozilla/5.0 (X11; Linux x86_64) AppleWebKit/537.36 (KHTML, like Gecko) HeadlessChrome/143.0.7499.4 Safari/537.36"
[2026-03-04T20:06:29.328Z]  "GET /lib/mp4box.all.min.js" "Mozilla/5.0 (X11; Linux x86_64) AppleWebKit/537.36 (KHTML, like Gecko) HeadlessChrome/143.0.7499.4 Safari/537.36"
[2026-03-04T20:06:29.332Z]  "GET /main-LOTERG37.js" "Mozilla/5.0 (X11; Linux x86_64) AppleWebKit/537.36 (KHTML, like Gecko) HeadlessChrome/143.0.7499.4 Safari/537.36"
[2026-03-04T20:06:29.344Z]  "GET /styles-P23MWUND.css" "Mozilla/5.0 (X11; Linux x86_64) AppleWebKit/537.36 (KHTML, like Gecko) HeadlessChrome/143.0.7499.4 Safari/537.36"
[2026-03-04T20:15:34.015Z]  "GET /" "Mozilla/5.0 (X11; Linux x86_64) AppleWebKit/537.36 (KHTML, like Gecko) HeadlessChrome/143.0.7499.4 Safari/537.36"
[2026-03-04T20:15:34.025Z]  "GET /lib/mp4box.all.min.js" "Mozilla/5.0 (X11; Linux x86_64) AppleWebKit/537.36 (KHTML, like Gecko) HeadlessChrome/143.0.7499.4 Safari/537.36"
[2026-03-04T20:15:34.026Z]  "GET /main-Z3AGICUC.js" "Mozilla/5.0 (X11; Linux x86_64) AppleWebKit/537.36 (KHTML, like Gecko) HeadlessChrome/143.0.7499.4 Safari/537.36"
[2026-03-04T20:15:34.041Z]  "GET /styles-P23MWUND.css" "Mozilla/5.0 (X11; Linux x86_64) AppleWebKit/537.36 (KHTML, like Gecko) HeadlessChrome/143.0.7499.4 Safari/537.36"
[2026-03-04T20:28:17.564Z]  "GET /" "Mozilla/5.0 (X11; Linux x86_64) AppleWebKit/537.36 (KHTML, like Gecko) HeadlessChrome/143.0.7499.4 Safari/537.36"
[2026-03-04T20:28:17.576Z]  "GET /lib/mp4box.all.min.js" "Mozilla/5.0 (X11; Linux x86_64) AppleWebKit/537.36 (KHTML, like Gecko) HeadlessChrome/143.0.7499.4 Safari/537.36"
[2026-03-04T20:28:17.576Z]  "GET /main-NB56LXUE.js" "Mozilla/5.0 (X11; Linux x86_64) AppleWebKit/537.36 (KHTML, like Gecko) HeadlessChrome/143.0.7499.4 Safari/537.36"
[2026-03-04T20:28:17.596Z]  "GET /styles-P23MWUND.css" "Mozilla/5.0 (X11; Linux x86_64) AppleWebKit/537.36 (KHTML, like Gecko) HeadlessChrome/143.0.7499.4 Safari/537.36"
[2026-03-04T20:29:06.930Z]  "GET /" "Mozilla/5.0 (X11; Linux x86_64) AppleWebKit/537.36 (KHTML, like Gecko) HeadlessChrome/143.0.7499.4 Safari/537.36"
[2026-03-04T20:29:06.941Z]  "GET /lib/mp4box.all.min.js" "Mozilla/5.0 (X11; Linux x86_64) AppleWebKit/537.36 (KHTML, like Gecko) HeadlessChrome/143.0.7499.4 Safari/537.36"
[2026-03-04T20:29:06.942Z]  "GET /main-NB56LXUE.js" "Mozilla/5.0 (X11; Linux x86_64) AppleWebKit/537.36 (KHTML, like Gecko) HeadlessChrome/143.0.7499.4 Safari/537.36"
[2026-03-04T20:29:06.957Z]  "GET /styles-P23MWUND.css" "Mozilla/5.0 (X11; Linux x86_64) AppleWebKit/537.36 (KHTML, like Gecko) HeadlessChrome/143.0.7499.4 Safari/537.36"
[2026-03-04T20:32:50.840Z]  "GET /" "Mozilla/5.0 (X11; Linux x86_64) AppleWebKit/537.36 (KHTML, like Gecko) HeadlessChrome/143.0.7499.4 Safari/537.36"
[2026-03-04T20:32:50.852Z]  "GET /lib/mp4box.all.min.js" "Mozilla/5.0 (X11; Linux x86_64) AppleWebKit/537.36 (KHTML, like Gecko) HeadlessChrome/143.0.7499.4 Safari/537.36"
[2026-03-04T20:32:50.852Z]  "GET /main-BIJDYCUK.js" "Mozilla/5.0 (X11; Linux x86_64) AppleWebKit/537.36 (KHTML, like Gecko) HeadlessChrome/143.0.7499.4 Safari/537.36"
[2026-03-04T20:32:50.866Z]  "GET /styles-P23MWUND.css" "Mozilla/5.0 (X11; Linux x86_64) AppleWebKit/537.36 (KHTML, like Gecko) HeadlessChrome/143.0.7499.4 Safari/537.36"
[2026-03-04T20:33:25.856Z]  "GET /" "Mozilla/5.0 (X11; Linux x86_64) AppleWebKit/537.36 (KHTML, like Gecko) HeadlessChrome/143.0.7499.4 Safari/537.36"
[2026-03-04T20:33:25.866Z]  "GET /lib/mp4box.all.min.js" "Mozilla/5.0 (X11; Linux x86_64) AppleWebKit/537.36 (KHTML, like Gecko) HeadlessChrome/143.0.7499.4 Safari/537.36"
[2026-03-04T20:33:25.868Z]  "GET /main-BIJDYCUK.js" "Mozilla/5.0 (X11; Linux x86_64) AppleWebKit/537.36 (KHTML, like Gecko) HeadlessChrome/143.0.7499.4 Safari/537.36"
[2026-03-04T20:33:25.882Z]  "GET /styles-P23MWUND.css" "Mozilla/5.0 (X11; Linux x86_64) AppleWebKit/537.36 (KHTML, like Gecko) HeadlessChrome/143.0.7499.4 Safari/537.36"
[2026-03-04T20:33:52.910Z]  "GET /" "Mozilla/5.0 (X11; Linux x86_64) AppleWebKit/537.36 (KHTML, like Gecko) HeadlessChrome/143.0.7499.4 Safari/537.36"
[2026-03-04T20:33:52.920Z]  "GET /lib/mp4box.all.min.js" "Mozilla/5.0 (X11; Linux x86_64) AppleWebKit/537.36 (KHTML, like Gecko) HeadlessChrome/143.0.7499.4 Safari/537.36"
[2026-03-04T20:33:52.920Z]  "GET /main-BIJDYCUK.js" "Mozilla/5.0 (X11; Linux x86_64) AppleWebKit/537.36 (KHTML, like Gecko) HeadlessChrome/143.0.7499.4 Safari/537.36"
[2026-03-04T20:33:52.938Z]  "GET /styles-P23MWUND.css" "Mozilla/5.0 (X11; Linux x86_64) AppleWebKit/537.36 (KHTML, like Gecko) HeadlessChrome/143.0.7499.4 Safari/537.36"
[2026-03-04T20:34:48.086Z]  "GET /" "Mozilla/5.0 (X11; Linux x86_64) AppleWebKit/537.36 (KHTML, like Gecko) HeadlessChrome/143.0.7499.4 Safari/537.36"
[2026-03-04T20:34:48.095Z]  "GET /lib/mp4box.all.min.js" "Mozilla/5.0 (X11; Linux x86_64) AppleWebKit/537.36 (KHTML, like Gecko) HeadlessChrome/143.0.7499.4 Safari/537.36"
[2026-03-04T20:34:48.096Z]  "GET /main-BIJDYCUK.js" "Mozilla/5.0 (X11; Linux x86_64) AppleWebKit/537.36 (KHTML, like Gecko) HeadlessChrome/143.0.7499.4 Safari/537.36"
[2026-03-04T20:34:48.110Z]  "GET /styles-P23MWUND.css" "Mozilla/5.0 (X11; Linux x86_64) AppleWebKit/537.36 (KHTML, like Gecko) HeadlessChrome/143.0.7499.4 Safari/537.36"
[2026-03-04T20:35:21.865Z]  "GET /" "Mozilla/5.0 (X11; Linux x86_64) AppleWebKit/537.36 (KHTML, like Gecko) HeadlessChrome/143.0.7499.4 Safari/537.36"
[2026-03-04T20:35:21.874Z]  "GET /lib/mp4box.all.min.js" "Mozilla/5.0 (X11; Linux x86_64) AppleWebKit/537.36 (KHTML, like Gecko) HeadlessChrome/143.0.7499.4 Safari/537.36"
[2026-03-04T20:35:21.875Z]  "GET /main-BIJDYCUK.js" "Mozilla/5.0 (X11; Linux x86_64) AppleWebKit/537.36 (KHTML, like Gecko) HeadlessChrome/143.0.7499.4 Safari/537.36"
[2026-03-04T20:35:21.889Z]  "GET /styles-P23MWUND.css" "Mozilla/5.0 (X11; Linux x86_64) AppleWebKit/537.36 (KHTML, like Gecko) HeadlessChrome/143.0.7499.4 Safari/537.36"
